0 verbose cli [
0 verbose cli   '/usr/local/nvm/versions/node/v12.14.1/bin/node',
0 verbose cli   '/usr/local/nvm/versions/node/v12.14.1/bin/npm',
0 verbose cli   'run',
0 verbose cli   'serve'
0 verbose cli ]
1 info using npm@7.8.0
2 info using node@v12.14.1
3 timing npm:load:whichnode Completed in 1ms
4 timing config:load:defaults Completed in 1ms
5 timing config:load:file:/usr/local/nvm/versions/node/v12.14.1/lib/node_modules/npm/npmrc Completed in 1ms
6 timing config:load:builtin Completed in 2ms
7 timing config:load:cli Completed in 1ms
8 timing config:load:env Completed in 1ms
9 timing config:load:project Completed in 0ms
10 timing config:load:file:/home/senmioxl/.npmrc Completed in 1ms
11 timing config:load:user Completed in 1ms
12 timing config:load:file:/usr/local/nvm/versions/node/v12.14.1/etc/npmrc Completed in 0ms
13 timing config:load:global Completed in 0ms
14 timing config:load:validate Completed in 0ms
15 timing config:load:setEnvs Completed in 1ms
16 timing config:load Completed in 7ms
17 timing npm:load:configload Completed in 7ms
18 timing npm:load:setTitle Completed in 1ms
19 timing npm:load:setupLog Completed in 1ms
20 timing npm:load:cleanupLog Completed in 2ms
21 timing npm:load:configScope Completed in 0ms
22 timing npm:load:projectScope Completed in 0ms
23 timing npm:load Completed in 12ms
24 timing config:load:flatten Completed in 2ms
25 timing command:run-script Completed in 1ms
26 verbose stack Error: ENOENT: no such file or directory, open '/home/senmioxl/package.json'
27 verbose cwd /home/senmioxl
28 verbose Linux 5.4.89+
29 verbose argv "/usr/local/nvm/versions/node/v12.14.1/bin/node" "/usr/local/nvm/versions/node/v12.14.1/bin/npm" "run" "serve"
30 verbose node v12.14.1
31 verbose npm  v7.8.0
32 error code ENOENT
33 error syscall open
34 error path /home/senmioxl/package.json
35 error errno -2
36 error enoent ENOENT: no such file or directory, open '/home/senmioxl/package.json'
37 error enoent This is related to npm not being able to find a file.
38 verbose exit -2
