2021-04-16 15:53:49,441 DEBUG    root            Loaded Command Group: ['gcloud', 'config']
2021-04-16 15:53:49,451 DEBUG    root            Loaded Command Group: ['gcloud', 'config', 'config_helper']
2021-04-16 15:53:49,453 DEBUG    root            Running [gcloud.config.config-helper] with arguments: [--force-auth-refresh: "True", --format: "json(credential)"]
2021-04-16 15:53:49,481 DEBUG    google.auth.transport.requests Making request: GET http://metadata.google.internal/computeMetadata/v1/instance/service-accounts/senmioxl@gmail.com/?recursive=true
2021-04-16 15:53:49,484 DEBUG    urllib3.connectionpool Starting new HTTP connection (1): metadata.google.internal:80
2021-04-16 15:53:49,489 DEBUG    urllib3.connectionpool http://metadata.google.internal:80 "GET /computeMetadata/v1/instance/service-accounts/senmioxl@gmail.com/?recursive=true HTTP/1.1" 200 None
2021-04-16 15:53:49,490 DEBUG    google.auth.transport.requests Making request: GET http://metadata.google.internal/computeMetadata/v1/instance/service-accounts/senmioxl@gmail.com/token
2021-04-16 15:53:49,492 DEBUG    urllib3.connectionpool Resetting dropped connection: metadata.google.internal
2021-04-16 15:53:49,495 DEBUG    urllib3.connectionpool http://metadata.google.internal:80 "GET /computeMetadata/v1/instance/service-accounts/senmioxl@gmail.com/token HTTP/1.1" 200 None
2021-04-16 15:53:49,501 DEBUG    google.auth.transport.requests Making request: GET http://metadata.google.internal/computeMetadata/v1/instance/service-accounts/senmioxl@gmail.com/?recursive=true
2021-04-16 15:53:49,503 DEBUG    urllib3.connectionpool Starting new HTTP connection (1): metadata.google.internal:80
2021-04-16 15:53:49,507 DEBUG    urllib3.connectionpool http://metadata.google.internal:80 "GET /computeMetadata/v1/instance/service-accounts/senmioxl@gmail.com/?recursive=true HTTP/1.1" 200 None
2021-04-16 15:53:49,508 DEBUG    google.auth.transport.requests Making request: GET http://metadata.google.internal/computeMetadata/v1/instance/service-accounts/senmioxl@gmail.com/token?scopes=%0Aemail%0Ahttps%3A%2F%2Fwww.googleapis.com%2Fauth%2Fappengine.admin%0Ahttps%3A%2F%2Fwww.googleapis.com%2Fauth%2Fbigquery%0Ahttps%3A%2F%2Fwww.googleapis.com%2Fauth%2Fcompute%0Ahttps%3A%2F%2Fwww.googleapis.com%2Fauth%2Fdevstorage.full_control%0Ahttps%3A%2F%2Fwww.googleapis.com%2Fauth%2Fndev.cloudman%0Ahttps%3A%2F%2Fwww.googleapis.com%2Fauth%2Fcloud-platform%0Ahttps%3A%2F%2Fwww.googleapis.com%2Fauth%2Fsqlservice.admin%0Ahttps%3A%2F%2Fwww.googleapis.com%2Fauth%2Fprediction%0Ahttps%3A%2F%2Fwww.googleapis.com%2Fauth%2Fprojecthosting%0A
2021-04-16 15:53:49,511 DEBUG    urllib3.connectionpool Resetting dropped connection: metadata.google.internal
2021-04-16 15:53:49,515 DEBUG    urllib3.connectionpool http://metadata.google.internal:80 "GET /computeMetadata/v1/instance/service-accounts/senmioxl@gmail.com/token?scopes=%0Aemail%0Ahttps%3A%2F%2Fwww.googleapis.com%2Fauth%2Fappengine.admin%0Ahttps%3A%2F%2Fwww.googleapis.com%2Fauth%2Fbigquery%0Ahttps%3A%2F%2Fwww.googleapis.com%2Fauth%2Fcompute%0Ahttps%3A%2F%2Fwww.googleapis.com%2Fauth%2Fdevstorage.full_control%0Ahttps%3A%2F%2Fwww.googleapis.com%2Fauth%2Fndev.cloudman%0Ahttps%3A%2F%2Fwww.googleapis.com%2Fauth%2Fcloud-platform%0Ahttps%3A%2F%2Fwww.googleapis.com%2Fauth%2Fsqlservice.admin%0Ahttps%3A%2F%2Fwww.googleapis.com%2Fauth%2Fprediction%0Ahttps%3A%2F%2Fwww.googleapis.com%2Fauth%2Fprojecthosting%0A HTTP/1.1" 200 None
2021-04-16 15:53:49,535 INFO     root            Display format: "default json(credential)"
2021-04-16 15:53:49,601 INFO     ___FILE_ONLY___ {
  "credential": {
    "access_token": "ya29.a0AfH6SMAnfQQL0sogCDbAhFr50RljJW7IXxTzpDbwWcgGjTW14d-G2AFtyT5xr2orrjui9ait1pnvfA1BmEkwuf9givNxUfgHQy3_T7VeaMaIewplhs0q_3THXdug9umujrYuO30eXJvRnoFbdX7m0KqCC9qQgNY0ccmtPWN2Eqwv8l82YrU4dAbZ71RA9mVMsYv6GXKORJKtVyu1lT7TF2toXWkH7WPHqFJaDnSf12bX4SFLiquOEx7VJFXwTp4XvmvZSP0",
    "id_token": "eyJhbGciOiJSUzI1NiIsImtpZCI6Ijc3NDU3MzIxOGM2ZjZhMmZlNTBlMjlhY2JjNjg2NDMyODYzZmM5YzMiLCJ0eXAiOiJKV1QifQ.eyJpc3MiOiJhY2NvdW50cy5nb29nbGUuY29tIiwiYXpwIjoiNjE4MTA0NzA4MDU0LTlyOXMxYzRhbGczNmVybGl1Y2hvOXQ1Mm4zMm42ZGdxLmFwcHMuZ29vZ2xldXNlcmNvbnRlbnQuY29tIiwiYXVkIjoiNjE4MTA0NzA4MDU0LTlyOXMxYzRhbGczNmVybGl1Y2hvOXQ1Mm4zMm42ZGdxLmFwcHMuZ29vZ2xldXNlcmNvbnRlbnQuY29tIiwic3ViIjoiMTA5Njc0ODQ4NjM1NDk5NzYyNDk4IiwiZW1haWwiOiJzZW5taW94bEBnbWFpbC5jb20iLCJlbWFpbF92ZXJpZmllZCI6dHJ1ZSwiYXRfaGFzaCI6IlZzTTYyMDN1em5GMDV5MnNQMmlKdHciLCJpYXQiOjE2MTg1ODcwODgsImV4cCI6MTYxODU5MDY4OCwianRpIjoiY2NiMDJmZGUzOTIzMTgzMmNiNTA4YTk0ZDE4ODJhZjg5MTZmMDc5NiJ9.EFGoKsLbqqj_tUyTTi5pJaTl6geMLAf-IjVJCyVgqpnUviIP3IHMwaRlpRPKJ4ESFqxUi0hDChuOV-KjAy6fzLdN9kt8GUHAlBRHdhSVSNIDqCL36HFg_CsvFviM_Kyy625Qff8kJM8ywmD8vI_23zFLXUtwtOznHvrcsGoc9EVu9Odr4fQ35csZJsZcVbASNzPQBk9QBlu00SPjMf8wzIz8OUAiaSmhjsFToYo7Ms47p2gHXwIBTE5GZ9b9KY_7wk4mqsc-uYrX_7rL6tI3Oo08F6vdLhdYb4w8KGcETs1_fdMplC6mnqb2zMdXQy2zeu0oqKslqRN_mTTFtQH0uQ",
    "token_expiry": "2021-04-16T16:31:25Z"
  }
}
2021-04-16 15:53:49,601 INFO     ___FILE_ONLY___ 

2021-04-16 15:53:49,601 DEBUG    root            SDK update checks are disabled.
