2021-04-16 16:17:25,260 DEBUG    root            Loaded Command Group: ['gcloud', 'config']
2021-04-16 16:17:25,263 DEBUG    root            Loaded Command Group: ['gcloud', 'config', 'config_helper']
2021-04-16 16:17:25,265 DEBUG    root            Running [gcloud.config.config-helper] with arguments: [--format: "json", --quiet: "True"]
2021-04-16 16:17:25,285 DEBUG    google.auth.transport.requests Making request: GET http://metadata.google.internal/computeMetadata/v1/instance/service-accounts/senmioxl@gmail.com/?recursive=true
2021-04-16 16:17:25,289 DEBUG    urllib3.connectionpool Starting new HTTP connection (1): metadata.google.internal:80
2021-04-16 16:17:25,293 DEBUG    urllib3.connectionpool http://metadata.google.internal:80 "GET /computeMetadata/v1/instance/service-accounts/senmioxl@gmail.com/?recursive=true HTTP/1.1" 200 None
2021-04-16 16:17:25,294 DEBUG    google.auth.transport.requests Making request: GET http://metadata.google.internal/computeMetadata/v1/instance/service-accounts/senmioxl@gmail.com/token
2021-04-16 16:17:25,296 DEBUG    urllib3.connectionpool Resetting dropped connection: metadata.google.internal
2021-04-16 16:17:25,299 DEBUG    urllib3.connectionpool http://metadata.google.internal:80 "GET /computeMetadata/v1/instance/service-accounts/senmioxl@gmail.com/token HTTP/1.1" 200 None
2021-04-16 16:17:25,316 INFO     root            Display format: "default json"
2021-04-16 16:17:25,394 INFO     ___FILE_ONLY___ {
  "configuration": {
    "active_configuration": "default",
    "properties": {
      "component_manager": {
        "disable_update_check": "True"
      },
      "compute": {
        "gce_metadata_read_timeout_sec": "30"
      },
      "core": {
        "account": "senmioxl@gmail.com",
        "disable_prompts": "True",
        "disable_usage_reporting": "True",
        "print_unhandled_tracebacks": "true"
      },
      "metrics": {
        "environment": "cloudcode.vscode",
        "environment_version": "1.10.0"
      }
    }
  },
  "credential": {
    "access_token": "ya29.a0AfH6SMAnfQQL0sogCDbAhFr50RljJW7IXxTzpDbwWcgGjTW14d-G2AFtyT5xr2orrjui9ait1pnvfA1BmEkwuf9givNxUfgHQy3_T7VeaMaIewplhs0q_3THXdug9umujrYuO30eXJvRnoFbdX7m0KqCC9qQgNY0ccmtPWN2Eqwv8l82YrU4dAbZ71RA9mVMsYv6GXKORJKtVyu1lT7TF2toXWkH7WPHqFJaDnSf12bX4SFLiquOEx7VJFXwTp4XvmvZSP0",
    "id_token": "eyJhbGciOiJSUzI1NiIsImtpZCI6Ijc3NDU3MzIxOGM2ZjZhMmZlNTBlMjlhY2JjNjg2NDMyODYzZmM5YzMiLCJ0eXAiOiJKV1QifQ.eyJpc3MiOiJhY2NvdW50cy5nb29nbGUuY29tIiwiYXpwIjoiNjE4MTA0NzA4MDU0LTlyOXMxYzRhbGczNmVybGl1Y2hvOXQ1Mm4zMm42ZGdxLmFwcHMuZ29vZ2xldXNlcmNvbnRlbnQuY29tIiwiYXVkIjoiNjE4MTA0NzA4MDU0LTlyOXMxYzRhbGczNmVybGl1Y2hvOXQ1Mm4zMm42ZGdxLmFwcHMuZ29vZ2xldXNlcmNvbnRlbnQuY29tIiwic3ViIjoiMTA5Njc0ODQ4NjM1NDk5NzYyNDk4IiwiZW1haWwiOiJzZW5taW94bEBnbWFpbC5jb20iLCJlbWFpbF92ZXJpZmllZCI6dHJ1ZSwiYXRfaGFzaCI6IlZzTTYyMDN1em5GMDV5MnNQMmlKdHciLCJpYXQiOjE2MTg1ODcwODgsImV4cCI6MTYxODU5MDY4OCwianRpIjoiY2NiMDJmZGUzOTIzMTgzMmNiNTA4YTk0ZDE4ODJhZjg5MTZmMDc5NiJ9.EFGoKsLbqqj_tUyTTi5pJaTl6geMLAf-IjVJCyVgqpnUviIP3IHMwaRlpRPKJ4ESFqxUi0hDChuOV-KjAy6fzLdN9kt8GUHAlBRHdhSVSNIDqCL36HFg_CsvFviM_Kyy625Qff8kJM8ywmD8vI_23zFLXUtwtOznHvrcsGoc9EVu9Odr4fQ35csZJsZcVbASNzPQBk9QBlu00SPjMf8wzIz8OUAiaSmhjsFToYo7Ms47p2gHXwIBTE5GZ9b9KY_7wk4mqsc-uYrX_7rL6tI3Oo08F6vdLhdYb4w8KGcETs1_fdMplC6mnqb2zMdXQy2zeu0oqKslqRN_mTTFtQH0uQ",
    "token_expiry": "2021-04-16T16:31:25Z"
  },
  "sentinels": {
    "config_sentinel": "/home/senmioxl/.config/gcloud/config_sentinel"
  }
}
2021-04-16 16:17:25,394 INFO     ___FILE_ONLY___ 

2021-04-16 16:17:25,395 DEBUG    root            SDK update checks are disabled.
