2021-04-19 05:48:42,729 DEBUG    root            Loaded Command Group: ['gcloud', 'config']
2021-04-19 05:48:42,731 DEBUG    root            Loaded Command Group: ['gcloud', 'config', 'config_helper']
2021-04-19 05:48:42,733 DEBUG    root            Running [gcloud.config.config-helper] with arguments: [--format: "json", --quiet: "True"]
2021-04-19 05:48:42,754 DEBUG    google.auth.transport.requests Making request: GET http://metadata.google.internal/computeMetadata/v1/instance/service-accounts/senmioxl@gmail.com/?recursive=true
2021-04-19 05:48:42,759 DEBUG    urllib3.connectionpool Starting new HTTP connection (1): metadata.google.internal:80
2021-04-19 05:48:42,763 DEBUG    urllib3.connectionpool http://metadata.google.internal:80 "GET /computeMetadata/v1/instance/service-accounts/senmioxl@gmail.com/?recursive=true HTTP/1.1" 200 None
2021-04-19 05:48:42,764 DEBUG    google.auth.transport.requests Making request: GET http://metadata.google.internal/computeMetadata/v1/instance/service-accounts/senmioxl@gmail.com/token
2021-04-19 05:48:42,766 DEBUG    urllib3.connectionpool Resetting dropped connection: metadata.google.internal
2021-04-19 05:48:42,769 DEBUG    urllib3.connectionpool http://metadata.google.internal:80 "GET /computeMetadata/v1/instance/service-accounts/senmioxl@gmail.com/token HTTP/1.1" 200 None
2021-04-19 05:48:42,786 INFO     root            Display format: "default json"
2021-04-19 05:48:42,862 INFO     ___FILE_ONLY___ {
  "configuration": {
    "active_configuration": "default",
    "properties": {
      "component_manager": {
        "disable_update_check": "True"
      },
      "compute": {
        "gce_metadata_read_timeout_sec": "30"
      },
      "core": {
        "account": "senmioxl@gmail.com",
        "disable_prompts": "True",
        "disable_usage_reporting": "True",
        "print_unhandled_tracebacks": "true"
      },
      "metrics": {
        "environment": "cloudcode.vscode",
        "environment_version": "1.10.0"
      }
    }
  },
  "credential": {
    "access_token": "ya29.a0AfH6SMBXpuXaFjBk99k89VsEGUATHKuHVoPE2cj3hztnLG4UEtItFealdN5oOnH5fCR1U51_PuANRGLTz1-Y16Cc8sl4ysjuYd4J-WZYcUTuWaiPGj52dRmGDTAxTsMzrtzH7d5MpICdbkFzuPaNfY1tbyYjXKlmg5qC-JBC7qfBp9GKK1bfiO7XDHNJtq48MnmweG5WCbBTIVxyFwDRSSOlnOO2tlQrV2XXZyv5i7oOZLQQCpVMVjoGZr3FckTv46EkO_0",
    "id_token": "eyJhbGciOiJSUzI1NiIsImtpZCI6Ijc3NDU3MzIxOGM2ZjZhMmZlNTBlMjlhY2JjNjg2NDMyODYzZmM5YzMiLCJ0eXAiOiJKV1QifQ.eyJpc3MiOiJhY2NvdW50cy5nb29nbGUuY29tIiwiYXpwIjoiNjE4MTA0NzA4MDU0LTlyOXMxYzRhbGczNmVybGl1Y2hvOXQ1Mm4zMm42ZGdxLmFwcHMuZ29vZ2xldXNlcmNvbnRlbnQuY29tIiwiYXVkIjoiNjE4MTA0NzA4MDU0LTlyOXMxYzRhbGczNmVybGl1Y2hvOXQ1Mm4zMm42ZGdxLmFwcHMuZ29vZ2xldXNlcmNvbnRlbnQuY29tIiwic3ViIjoiMTA5Njc0ODQ4NjM1NDk5NzYyNDk4IiwiZW1haWwiOiJzZW5taW94bEBnbWFpbC5jb20iLCJlbWFpbF92ZXJpZmllZCI6dHJ1ZSwiYXRfaGFzaCI6IkVfdUk3TzZpTFdvQjNIVTFFWkJMZ1EiLCJpYXQiOjE2MTg4MTA4NDUsImV4cCI6MTYxODgxNDQ0NSwianRpIjoiNDBlMTY3NzJiZmY4ZGY5ZGU5OGY3ZjQwMjEzNTU3NDgyZDU4OGU4NSJ9.W07ciiyi9h_7c-DGNLhLvKKsNMFX81g29Xe9fCzLYXf77cKg7BFDmAWivyB7d4sXerEB_ETvM2x1NCcL1b5XgWOz-0XNzWWMM06CCqTeU4yYxvELSphBK2pmpovbDkxMcdOQ-oB5wcIdnTpp3DCOQv7EjlyIPMoK0HprdL4yRZFvFFr6dirBTpx6Jc5vrmBspL1ufjyKWtlkyN5ge2tJzzuhLuPvSIpoceFHHyz-3hDISmRaXWZkt_MVD-6mCtsNQr4TP4LOkoC2rM91Qi-mjmjroaIvg63nxHa2OAZ6zxrUfwKcnGKv50QLaad3a637ooK2bMpzx1hWM0fJEjLzdA",
    "token_expiry": "2021-04-19T06:40:42Z"
  },
  "sentinels": {
    "config_sentinel": "/home/senmioxl/.config/gcloud/config_sentinel"
  }
}
2021-04-19 05:48:42,862 INFO     ___FILE_ONLY___ 

2021-04-19 05:48:42,863 DEBUG    root            SDK update checks are disabled.
