2021-04-19 05:50:25,959 DEBUG    root            Loaded Command Group: ['gcloud', 'config']
2021-04-19 05:50:25,961 DEBUG    root            Loaded Command Group: ['gcloud', 'config', 'config_helper']
2021-04-19 05:50:25,963 DEBUG    root            Running [gcloud.config.config-helper] with arguments: [--force-auth-refresh: "True", --format: "json(credential)"]
2021-04-19 05:50:25,986 DEBUG    google.auth.transport.requests Making request: GET http://metadata.google.internal/computeMetadata/v1/instance/service-accounts/senmioxl@gmail.com/?recursive=true
2021-04-19 05:50:25,991 DEBUG    urllib3.connectionpool Starting new HTTP connection (1): metadata.google.internal:80
2021-04-19 05:50:25,994 DEBUG    urllib3.connectionpool http://metadata.google.internal:80 "GET /computeMetadata/v1/instance/service-accounts/senmioxl@gmail.com/?recursive=true HTTP/1.1" 200 None
2021-04-19 05:50:25,995 DEBUG    google.auth.transport.requests Making request: GET http://metadata.google.internal/computeMetadata/v1/instance/service-accounts/senmioxl@gmail.com/token
2021-04-19 05:50:25,997 DEBUG    urllib3.connectionpool Resetting dropped connection: metadata.google.internal
2021-04-19 05:50:26,000 DEBUG    urllib3.connectionpool http://metadata.google.internal:80 "GET /computeMetadata/v1/instance/service-accounts/senmioxl@gmail.com/token HTTP/1.1" 200 None
2021-04-19 05:50:26,005 DEBUG    google.auth.transport.requests Making request: GET http://metadata.google.internal/computeMetadata/v1/instance/service-accounts/senmioxl@gmail.com/?recursive=true
2021-04-19 05:50:26,008 DEBUG    urllib3.connectionpool Starting new HTTP connection (1): metadata.google.internal:80
2021-04-19 05:50:26,011 DEBUG    urllib3.connectionpool http://metadata.google.internal:80 "GET /computeMetadata/v1/instance/service-accounts/senmioxl@gmail.com/?recursive=true HTTP/1.1" 200 None
2021-04-19 05:50:26,012 DEBUG    google.auth.transport.requests Making request: GET http://metadata.google.internal/computeMetadata/v1/instance/service-accounts/senmioxl@gmail.com/token?scopes=%0Aemail%0Ahttps%3A%2F%2Fwww.googleapis.com%2Fauth%2Fappengine.admin%0Ahttps%3A%2F%2Fwww.googleapis.com%2Fauth%2Fbigquery%0Ahttps%3A%2F%2Fwww.googleapis.com%2Fauth%2Fcompute%0Ahttps%3A%2F%2Fwww.googleapis.com%2Fauth%2Fdevstorage.full_control%0Ahttps%3A%2F%2Fwww.googleapis.com%2Fauth%2Fndev.cloudman%0Ahttps%3A%2F%2Fwww.googleapis.com%2Fauth%2Fcloud-platform%0Ahttps%3A%2F%2Fwww.googleapis.com%2Fauth%2Fsqlservice.admin%0Ahttps%3A%2F%2Fwww.googleapis.com%2Fauth%2Fprediction%0Ahttps%3A%2F%2Fwww.googleapis.com%2Fauth%2Fprojecthosting%0A
2021-04-19 05:50:26,015 DEBUG    urllib3.connectionpool Resetting dropped connection: metadata.google.internal
2021-04-19 05:50:26,019 DEBUG    urllib3.connectionpool http://metadata.google.internal:80 "GET /computeMetadata/v1/instance/service-accounts/senmioxl@gmail.com/token?scopes=%0Aemail%0Ahttps%3A%2F%2Fwww.googleapis.com%2Fauth%2Fappengine.admin%0Ahttps%3A%2F%2Fwww.googleapis.com%2Fauth%2Fbigquery%0Ahttps%3A%2F%2Fwww.googleapis.com%2Fauth%2Fcompute%0Ahttps%3A%2F%2Fwww.googleapis.com%2Fauth%2Fdevstorage.full_control%0Ahttps%3A%2F%2Fwww.googleapis.com%2Fauth%2Fndev.cloudman%0Ahttps%3A%2F%2Fwww.googleapis.com%2Fauth%2Fcloud-platform%0Ahttps%3A%2F%2Fwww.googleapis.com%2Fauth%2Fsqlservice.admin%0Ahttps%3A%2F%2Fwww.googleapis.com%2Fauth%2Fprediction%0Ahttps%3A%2F%2Fwww.googleapis.com%2Fauth%2Fprojecthosting%0A HTTP/1.1" 200 None
2021-04-19 05:50:26,034 INFO     root            Display format: "default json(credential)"
2021-04-19 05:50:26,102 INFO     ___FILE_ONLY___ {
  "credential": {
    "access_token": "ya29.a0AfH6SMBXpuXaFjBk99k89VsEGUATHKuHVoPE2cj3hztnLG4UEtItFealdN5oOnH5fCR1U51_PuANRGLTz1-Y16Cc8sl4ysjuYd4J-WZYcUTuWaiPGj52dRmGDTAxTsMzrtzH7d5MpICdbkFzuPaNfY1tbyYjXKlmg5qC-JBC7qfBp9GKK1bfiO7XDHNJtq48MnmweG5WCbBTIVxyFwDRSSOlnOO2tlQrV2XXZyv5i7oOZLQQCpVMVjoGZr3FckTv46EkO_0",
    "id_token": "eyJhbGciOiJSUzI1NiIsImtpZCI6Ijc3NDU3MzIxOGM2ZjZhMmZlNTBlMjlhY2JjNjg2NDMyODYzZmM5YzMiLCJ0eXAiOiJKV1QifQ.eyJpc3MiOiJhY2NvdW50cy5nb29nbGUuY29tIiwiYXpwIjoiNjE4MTA0NzA4MDU0LTlyOXMxYzRhbGczNmVybGl1Y2hvOXQ1Mm4zMm42ZGdxLmFwcHMuZ29vZ2xldXNlcmNvbnRlbnQuY29tIiwiYXVkIjoiNjE4MTA0NzA4MDU0LTlyOXMxYzRhbGczNmVybGl1Y2hvOXQ1Mm4zMm42ZGdxLmFwcHMuZ29vZ2xldXNlcmNvbnRlbnQuY29tIiwic3ViIjoiMTA5Njc0ODQ4NjM1NDk5NzYyNDk4IiwiZW1haWwiOiJzZW5taW94bEBnbWFpbC5jb20iLCJlbWFpbF92ZXJpZmllZCI6dHJ1ZSwiYXRfaGFzaCI6IkVfdUk3TzZpTFdvQjNIVTFFWkJMZ1EiLCJpYXQiOjE2MTg4MTA4NDUsImV4cCI6MTYxODgxNDQ0NSwianRpIjoiNDBlMTY3NzJiZmY4ZGY5ZGU5OGY3ZjQwMjEzNTU3NDgyZDU4OGU4NSJ9.W07ciiyi9h_7c-DGNLhLvKKsNMFX81g29Xe9fCzLYXf77cKg7BFDmAWivyB7d4sXerEB_ETvM2x1NCcL1b5XgWOz-0XNzWWMM06CCqTeU4yYxvELSphBK2pmpovbDkxMcdOQ-oB5wcIdnTpp3DCOQv7EjlyIPMoK0HprdL4yRZFvFFr6dirBTpx6Jc5vrmBspL1ufjyKWtlkyN5ge2tJzzuhLuPvSIpoceFHHyz-3hDISmRaXWZkt_MVD-6mCtsNQr4TP4LOkoC2rM91Qi-mjmjroaIvg63nxHa2OAZ6zxrUfwKcnGKv50QLaad3a637ooK2bMpzx1hWM0fJEjLzdA",
    "token_expiry": "2021-04-19T06:40:42Z"
  }
}
2021-04-19 05:50:26,103 INFO     ___FILE_ONLY___ 

2021-04-19 05:50:26,103 DEBUG    root            SDK update checks are disabled.
