2021-04-19 05:50:31,643 DEBUG    root            Loaded Command Group: ['gcloud', 'auth']
2021-04-19 05:50:31,646 DEBUG    root            Loaded Command Group: ['gcloud', 'auth', 'docker_helper']
2021-04-19 05:50:31,650 DEBUG    root            Running [gcloud.auth.docker-helper] with arguments: [METHOD: "get"]
2021-04-19 05:50:31,674 DEBUG    google.auth.transport.requests Making request: GET http://metadata.google.internal/computeMetadata/v1/instance/service-accounts/senmioxl@gmail.com/?recursive=true
2021-04-19 05:50:31,677 DEBUG    urllib3.connectionpool Starting new HTTP connection (1): metadata.google.internal:80
2021-04-19 05:50:31,681 DEBUG    urllib3.connectionpool http://metadata.google.internal:80 "GET /computeMetadata/v1/instance/service-accounts/senmioxl@gmail.com/?recursive=true HTTP/1.1" 200 None
2021-04-19 05:50:31,682 DEBUG    google.auth.transport.requests Making request: GET http://metadata.google.internal/computeMetadata/v1/instance/service-accounts/senmioxl@gmail.com/token
2021-04-19 05:50:31,684 DEBUG    urllib3.connectionpool Resetting dropped connection: metadata.google.internal
2021-04-19 05:50:31,688 DEBUG    urllib3.connectionpool http://metadata.google.internal:80 "GET /computeMetadata/v1/instance/service-accounts/senmioxl@gmail.com/token HTTP/1.1" 200 None
2021-04-19 05:50:31,693 DEBUG    google.auth.transport.requests Making request: GET http://metadata.google.internal/computeMetadata/v1/instance/service-accounts/senmioxl@gmail.com/?recursive=true
2021-04-19 05:50:31,696 DEBUG    urllib3.connectionpool Starting new HTTP connection (1): metadata.google.internal:80
2021-04-19 05:50:31,699 DEBUG    urllib3.connectionpool http://metadata.google.internal:80 "GET /computeMetadata/v1/instance/service-accounts/senmioxl@gmail.com/?recursive=true HTTP/1.1" 200 None
2021-04-19 05:50:31,700 DEBUG    google.auth.transport.requests Making request: GET http://metadata.google.internal/computeMetadata/v1/instance/service-accounts/senmioxl@gmail.com/token?scopes=%0Aemail%0Ahttps%3A%2F%2Fwww.googleapis.com%2Fauth%2Fappengine.admin%0Ahttps%3A%2F%2Fwww.googleapis.com%2Fauth%2Fbigquery%0Ahttps%3A%2F%2Fwww.googleapis.com%2Fauth%2Fcompute%0Ahttps%3A%2F%2Fwww.googleapis.com%2Fauth%2Fdevstorage.full_control%0Ahttps%3A%2F%2Fwww.googleapis.com%2Fauth%2Fndev.cloudman%0Ahttps%3A%2F%2Fwww.googleapis.com%2Fauth%2Fcloud-platform%0Ahttps%3A%2F%2Fwww.googleapis.com%2Fauth%2Fsqlservice.admin%0Ahttps%3A%2F%2Fwww.googleapis.com%2Fauth%2Fprediction%0Ahttps%3A%2F%2Fwww.googleapis.com%2Fauth%2Fprojecthosting%0A
2021-04-19 05:50:31,703 DEBUG    urllib3.connectionpool Resetting dropped connection: metadata.google.internal
2021-04-19 05:50:31,707 DEBUG    urllib3.connectionpool http://metadata.google.internal:80 "GET /computeMetadata/v1/instance/service-accounts/senmioxl@gmail.com/token?scopes=%0Aemail%0Ahttps%3A%2F%2Fwww.googleapis.com%2Fauth%2Fappengine.admin%0Ahttps%3A%2F%2Fwww.googleapis.com%2Fauth%2Fbigquery%0Ahttps%3A%2F%2Fwww.googleapis.com%2Fauth%2Fcompute%0Ahttps%3A%2F%2Fwww.googleapis.com%2Fauth%2Fdevstorage.full_control%0Ahttps%3A%2F%2Fwww.googleapis.com%2Fauth%2Fndev.cloudman%0Ahttps%3A%2F%2Fwww.googleapis.com%2Fauth%2Fcloud-platform%0Ahttps%3A%2F%2Fwww.googleapis.com%2Fauth%2Fsqlservice.admin%0Ahttps%3A%2F%2Fwww.googleapis.com%2Fauth%2Fprediction%0Ahttps%3A%2F%2Fwww.googleapis.com%2Fauth%2Fprojecthosting%0A HTTP/1.1" 200 None
2021-04-19 05:50:31,713 INFO     root            Display format: "json"
2021-04-19 05:50:31,779 INFO     ___FILE_ONLY___ {
  "Secret": "ya29.a0AfH6SMBXpuXaFjBk99k89VsEGUATHKuHVoPE2cj3hztnLG4UEtItFealdN5oOnH5fCR1U51_PuANRGLTz1-Y16Cc8sl4ysjuYd4J-WZYcUTuWaiPGj52dRmGDTAxTsMzrtzH7d5MpICdbkFzuPaNfY1tbyYjXKlmg5qC-JBC7qfBp9GKK1bfiO7XDHNJtq48MnmweG5WCbBTIVxyFwDRSSOlnOO2tlQrV2XXZyv5i7oOZLQQCpVMVjoGZr3FckTv46EkO_0",
  "Username": "_dcgcloud_token"
}
2021-04-19 05:50:31,779 INFO     ___FILE_ONLY___ 

2021-04-19 05:50:31,780 DEBUG    root            SDK update checks are disabled.
